<?xml version="1.0" encoding="UTF-8"?>
<!-- Generated by org.testng.reporters.JUnitReportReporter -->
<testsuite hostname="Keshavs-MacBook-Air.local" failures="0" tests="4" name="com.tutorialsninja.qa.testcases.Register" time="15.066" errors="0" timestamp="2025-07-20T02:12:49 IST" skipped="0">
  <testcase classname="com.tutorialsninja.qa.testcases.Register" name="VerifyRegisteringAnAccountWithMandatoryFields" time="7.025"/>
  <testcase classname="com.tutorialsninja.qa.testcases.Register" name="VerifyRegisteringAnAccountWithAllFields" time="2.897"/>
  <testcase classname="com.tutorialsninja.qa.testcases.Register" name="VerifyRegisteringAnAccountWithExistingEmailAddress" time="2.671"/>
  <testcase classname="com.tutorialsninja.qa.testcases.Register" name="VerifyRegisteringAnAccountWithoutFillingAnyDetails" time="2.473"/>
</testsuite> <!-- com.tutorialsninja.qa.testcases.Register -->
