<?xml version="1.0" encoding="UTF-8"?>
<!-- Generated by org.testng.reporters.JUnitReportReporter -->
<testsuite hostname="Keshavs-MacBook-Air.local" failures="0" tests="3" name="com.tutorialsninja.qa.testcases.Search" time="6.515" errors="0" timestamp="2025-07-15T22:29:13 IST" skipped="0">
  <testcase classname="com.tutorialsninja.qa.testcases.Search" name="verifySearchWithValidProduct" time="2.686"/>
  <testcase classname="com.tutorialsninja.qa.testcases.Search" name="vrifySearchWithInvalidProduct" time="1.964"/>
  <testcase classname="com.tutorialsninja.qa.testcases.Search" name="vrifySearchWitoutAnyProduct" time="1.865"/>
</testsuite> <!-- com.tutorialsninja.qa.testcases.Search -->
